<?xml version="1.0" encoding="UTF-8"?>
<Site BuildName="(empty)"
	BuildStamp="20240830-0638-Experimental"
	Name="(empty)"
	Generator="ctest-3.28.3-msvc11"
	CompilerName=""
	CompilerVersion=""
	OSName="Windows"
	Hostname="DESKTOP-J270TVH"
	OSRelease=" Professional"
	OSVersion=" (Build 19045)"
	OSPlatform="AMD64"
	Is64Bits="1"
	VendorString="AuthenticAMD"
	VendorID="Advanced Micro Devices"
	FamilyID="15"
	ModelID="1"
	ProcessorCacheSize="64"
	NumberOfLogicalCPU="16"
	NumberOfPhysicalCPU="8"
	TotalVirtualMemory="37580"
	TotalPhysicalMemory="32716"
	LogicalProcessorsPerPhysical="2"
	ProcessorClockFrequency="3892"
	>
	<Testing>
		<StartDateTime>Aug 29 23:38 Pacific Daylight Time</StartDateTime>
		<StartTestTime>1724999938</StartTestTime>
		<TestList/>
		<EndDateTime>Aug 29 23:38 Pacific Daylight Time</EndDateTime>
		<EndTestTime>1724999938</EndTestTime>
		<ElapsedMinutes>0</ElapsedMinutes>
	</Testing>
</Site>
